<?xml version="1.0" encoding="UTF-8"?>
<testsuite name="com.bridgelabz.HotelReservationTest" tests="4" skipped="0" failures="0" errors="0" timestamp="2021-08-09T12:54:12" hostname="LAPTOP-OAL4VNNE" time="0.303">
  <properties/>
  <testcase name="givenWeekDaysAndWeekendRatesShouldReturnTrue" classname="com.bridgelabz.HotelReservationTest" time="0.04"/>
  <testcase name="givenDatesShouldReturnCheapestHotel" classname="com.bridgelabz.HotelReservationTest" time="0.226"/>
  <testcase name="givenHotelNameShouldReturnTrue" classname="com.bridgelabz.HotelReservationTest" time="0.0"/>
  <testcase name="givenDatesRangeContainingWeekDaysAndWeekendShouldReturnCheapestHotel" classname="com.bridgelabz.HotelReservationTest" time="0.009"/>
  <system-out><![CDATA[LikeWood, Total Rates: 220
LikeWood, Total Rates: 200
BridgeWood, Total Rates: 200
]]></system-out>
  <system-err><![CDATA[]]></system-err>
</testsuite>
