<?xml version="1.0" encoding="UTF-8"?>
<testsuite name="com.bridgelabz.HotelReservationTest" tests="1" skipped="0" failures="0" errors="0" timestamp="2021-08-09T13:24:05" hostname="LAPTOP-OAL4VNNE" time="0.026">
  <properties/>
  <testcase name="givenRatingsToHotelShouldRetuenTheSame" classname="com.bridgelabz.HotelReservationTest" time="0.026"/>
  <system-out><![CDATA[]]></system-out>
  <system-err><![CDATA[]]></system-err>
</testsuite>
